{"/home/rootkc/Documents/code/rxjs-trading-bot/src/market/historic/index.js": {"path":"/home/rootkc/Documents/code/rxjs-trading-bot/src/market/historic/index.js","statementMap":{"0":{"start":{"line":31,"column":12},"end":{"line":31,"column":20}},"1":{"start":{"line":32,"column":14},"end":{"line":32,"column":41}},"2":{"start":{"line":34,"column":16},"end":{"line":37,"column":1}},"3":{"start":{"line":39,"column":33},"end":{"line":42,"column":1}},"4":{"start":{"line":40,"column":2},"end":{"line":41,"column":35}},"5":{"start":{"line":41,"column":14},"end":{"line":41,"column":34}},"6":{"start":{"line":44,"column":30},"end":{"line":46,"column":88}},"7":{"start":{"line":45,"column":2},"end":{"line":46,"column":88}},"8":{"start":{"line":46,"column":21},"end":{"line":46,"column":87}}},"fnMap":{"0":{"name":"(anonymous_0)","decl":{"start":{"line":39,"column":33},"end":{"line":39,"column":34}},"loc":{"start":{"line":40,"column":2},"end":{"line":41,"column":35}},"line":40},"1":{"name":"(anonymous_1)","decl":{"start":{"line":41,"column":9},"end":{"line":41,"column":10}},"loc":{"start":{"line":41,"column":14},"end":{"line":41,"column":34}},"line":41},"2":{"name":"(anonymous_2)","decl":{"start":{"line":44,"column":30},"end":{"line":44,"column":31}},"loc":{"start":{"line":45,"column":2},"end":{"line":46,"column":88}},"line":45},"3":{"name":"(anonymous_3)","decl":{"start":{"line":46,"column":13},"end":{"line":46,"column":14}},"loc":{"start":{"line":46,"column":21},"end":{"line":46,"column":87}},"line":46}},"branchMap":{"0":{"loc":{"start":{"line":44,"column":40},"end":{"line":44,"column":79}},"type":"default-arg","locations":[{"start":{"line":44,"column":57},"end":{"line":44,"column":79}}],"line":44},"1":{"loc":{"start":{"line":46,"column":46},"end":{"line":46,"column":86}},"type":"cond-expr","locations":[{"start":{"line":46,"column":58},"end":{"line":46,"column":79}},{"start":{"line":46,"column":82},"end":{"line":46,"column":86}}],"line":46}},"s":{"0":1,"1":1,"2":1,"3":1,"4":1,"5":3,"6":1,"7":2,"8":1},"f":{"0":1,"1":3,"2":2,"3":1},"b":{"0":[1],"1":[0,1]},"_coverageSchema":"332fd63041d2c1bcb487cc26dd0d5f7d97098a6c","hash":"113f93dfce54df3a23150f95509d17d095231204"}
}
